<?xml version="1.0" encoding="UTF-8"?>
<!-- Generated by org.testng.reporters.JUnitReportReporter -->
<testsuite hostname="Manojs-MBP.attlocal.net" failures="0" tests="3" name="variousConcepts.CrmTest" time="38.341" errors="0" timestamp="2024-01-27T11:41:50 CST" skipped="0">
  <testcase classname="variousConcepts.CrmTest" name="testLogin" time="13.320"/>
  <system-out/>
  <testcase classname="variousConcepts.CrmTest" name="testAlert" time="5.267"/>
  <system-out/>
  <testcase classname="variousConcepts.CrmTest" name="testAddCustomer" time="19.754"/>
  <system-out/>
</testsuite> <!-- variousConcepts.CrmTest -->
